
*** Running vivado
    with args -log system.vds -m64 -product Vivado -mode batch -messageDb vivado.pb -notrace -source system.tcl



****** Vivado v2024.1.1 (64-bit)
  **** SW Build 5094488 on Fri Jun 14 08:59:21 MDT 2024
  **** IP Build 5091682 on Fri Jun 14 16:55:04 MDT 2024
  **** SharedData Build 5094118 on Fri Jun 14 01:09:43 MDT 2024
  **** Start of session at: Tue Oct 22 14:29:00 2024
    ** Copyright 1986-2022 Xilinx, Inc. All Rights Reserved.
    ** Copyright 2022-2024 Advanced Micro Devices, Inc. All Rights Reserved.

source system.tcl -notrace
create_project: Time (s): cpu = 00:00:03 ; elapsed = 00:00:06 . Memory (MB): peak = 530.055 ; gain = 198.992
Command: read_checkpoint -auto_incremental -incremental C:/Users/lucas/Desktop/CP49/ComSynLab/Lab6/Lab6.srcs/utils_1/imports/synth_1/system.dcp
INFO: [Vivado 12-5825] Read reference checkpoint from C:/Users/lucas/Desktop/CP49/ComSynLab/Lab6/Lab6.srcs/utils_1/imports/synth_1/system.dcp for incremental synthesis
INFO: [Vivado 12-7989] Please ensure there are no constraint changes
Command: synth_design -top system -part xc7a35tcpg236-1
Starting synth_design
Attempting to get a license for feature 'Synthesis' and/or device 'xc7a35t'
INFO: [Common 17-349] Got license for feature 'Synthesis' and/or device 'xc7a35t'
INFO: [Device 21-403] Loading part xc7a35tcpg236-1
INFO: [Device 21-9227] Part: xc7a35tcpg236-1 does not have CEAM library.
INFO: [Designutils 20-5440] No compile time benefit to using incremental synthesis; A full resynthesis will be run
INFO: [Designutils 20-4379] Flow is switching to default flow due to incremental criteria not met. If you would like to alter this behaviour and have the flow terminate instead, please set the following parameter config_implementation {autoIncr.Synth.RejectBehavior Terminate}
INFO: [Synth 8-7079] Multithreading enabled for synth_design using a maximum of 2 processes.
INFO: [Synth 8-7078] Launching helper process for spawning children vivado processes
INFO: [Synth 8-7075] Helper process launched with PID 37984
---------------------------------------------------------------------------------
Starting RTL Elaboration : Time (s): cpu = 00:00:01 ; elapsed = 00:00:04 . Memory (MB): peak = 1386.395 ; gain = 448.574
---------------------------------------------------------------------------------
WARNING: [Synth 8-11121] redeclaration of ANSI port 'clkDiv' is not allowed [C:/Users/lucas/Desktop/CP49/ComSynLab/HWSYNLAB2021/lab05/sources_1/clockDiv.v:28]
WARNING: [Synth 8-11121] redeclaration of ANSI port 'seg' is not allowed [C:/Users/lucas/Desktop/CP49/ComSynLab/HWSYNLAB2021/lab05/sources_1/hexTo7Segment.v:28]
WARNING: [Synth 8-11121] redeclaration of ANSI port 'data_out' is not allowed [C:/Users/lucas/Desktop/CP49/ComSynLab/HWSYNLAB2021/lab06/sources_1/uart.v:31]
INFO: [Synth 8-6157] synthesizing module 'system' [C:/Users/lucas/Desktop/CP49/ComSynLab/HWSYNLAB2021/lab06/sources_1/system.v:23]
INFO: [Synth 8-6157] synthesizing module 'clockDiv' [C:/Users/lucas/Desktop/CP49/ComSynLab/HWSYNLAB2021/lab05/sources_1/clockDiv.v:23]
INFO: [Synth 8-6155] done synthesizing module 'clockDiv' (0#1) [C:/Users/lucas/Desktop/CP49/ComSynLab/HWSYNLAB2021/lab05/sources_1/clockDiv.v:23]
INFO: [Synth 8-6157] synthesizing module 'quadSevenSeg' [C:/Users/lucas/Desktop/CP49/ComSynLab/HWSYNLAB2021/lab05/sources_1/quadSevenSeg.v:23]
INFO: [Synth 8-6157] synthesizing module 'hexTo7Segment' [C:/Users/lucas/Desktop/CP49/ComSynLab/HWSYNLAB2021/lab05/sources_1/hexTo7Segment.v:23]
INFO: [Synth 8-6155] done synthesizing module 'hexTo7Segment' (0#1) [C:/Users/lucas/Desktop/CP49/ComSynLab/HWSYNLAB2021/lab05/sources_1/hexTo7Segment.v:23]
WARNING: [Synth 8-567] referenced signal 'num0' should be on the sensitivity list [C:/Users/lucas/Desktop/CP49/ComSynLab/HWSYNLAB2021/lab05/sources_1/quadSevenSeg.v:60]
WARNING: [Synth 8-567] referenced signal 'num1' should be on the sensitivity list [C:/Users/lucas/Desktop/CP49/ComSynLab/HWSYNLAB2021/lab05/sources_1/quadSevenSeg.v:60]
WARNING: [Synth 8-567] referenced signal 'num2' should be on the sensitivity list [C:/Users/lucas/Desktop/CP49/ComSynLab/HWSYNLAB2021/lab05/sources_1/quadSevenSeg.v:60]
WARNING: [Synth 8-567] referenced signal 'num3' should be on the sensitivity list [C:/Users/lucas/Desktop/CP49/ComSynLab/HWSYNLAB2021/lab05/sources_1/quadSevenSeg.v:60]
INFO: [Synth 8-6155] done synthesizing module 'quadSevenSeg' (0#1) [C:/Users/lucas/Desktop/CP49/ComSynLab/HWSYNLAB2021/lab05/sources_1/quadSevenSeg.v:23]
INFO: [Synth 8-6157] synthesizing module 'uart' [C:/Users/lucas/Desktop/CP49/ComSynLab/HWSYNLAB2021/lab06/sources_1/uart.v:22]
INFO: [Synth 8-6157] synthesizing module 'baudrate_gen' [C:/Users/lucas/Desktop/CP49/ComSynLab/HWSYNLAB2021/lab06/sources_1/baudrate_gen.v:23]
INFO: [Synth 8-6155] done synthesizing module 'baudrate_gen' (0#1) [C:/Users/lucas/Desktop/CP49/ComSynLab/HWSYNLAB2021/lab06/sources_1/baudrate_gen.v:23]
INFO: [Synth 8-6157] synthesizing module 'uart_rx' [C:/Users/lucas/Desktop/CP49/ComSynLab/HWSYNLAB2021/lab06/sources_1/uart_rx.v:23]
INFO: [Synth 8-155] case statement is not full and has no default [C:/Users/lucas/Desktop/CP49/ComSynLab/HWSYNLAB2021/lab06/sources_1/uart_rx.v:45]
INFO: [Synth 8-6155] done synthesizing module 'uart_rx' (0#1) [C:/Users/lucas/Desktop/CP49/ComSynLab/HWSYNLAB2021/lab06/sources_1/uart_rx.v:23]
INFO: [Synth 8-6157] synthesizing module 'uart_tx' [C:/Users/lucas/Desktop/CP49/ComSynLab/HWSYNLAB2021/lab06/sources_1/uart_tx.v:22]
INFO: [Synth 8-155] case statement is not full and has no default [C:/Users/lucas/Desktop/CP49/ComSynLab/HWSYNLAB2021/lab06/sources_1/uart_tx.v:49]
INFO: [Synth 8-6155] done synthesizing module 'uart_tx' (0#1) [C:/Users/lucas/Desktop/CP49/ComSynLab/HWSYNLAB2021/lab06/sources_1/uart_tx.v:22]
INFO: [Synth 8-6155] done synthesizing module 'uart' (0#1) [C:/Users/lucas/Desktop/CP49/ComSynLab/HWSYNLAB2021/lab06/sources_1/uart.v:22]
INFO: [Synth 8-6155] done synthesizing module 'system' (0#1) [C:/Users/lucas/Desktop/CP49/ComSynLab/HWSYNLAB2021/lab06/sources_1/system.v:23]
WARNING: [Synth 8-3848] Net num1 in module/entity system does not have driver. [C:/Users/lucas/Desktop/CP49/ComSynLab/HWSYNLAB2021/lab06/sources_1/system.v:41]
WARNING: [Synth 8-3848] Net num2 in module/entity system does not have driver. [C:/Users/lucas/Desktop/CP49/ComSynLab/HWSYNLAB2021/lab06/sources_1/system.v:41]
WARNING: [Synth 8-3848] Net num3 in module/entity system does not have driver. [C:/Users/lucas/Desktop/CP49/ComSynLab/HWSYNLAB2021/lab06/sources_1/system.v:41]
WARNING: [Synth 8-3917] design system has port dp driven by constant 1
---------------------------------------------------------------------------------
Finished RTL Elaboration : Time (s): cpu = 00:00:02 ; elapsed = 00:00:05 . Memory (MB): peak = 1497.152 ; gain = 559.332
---------------------------------------------------------------------------------
---------------------------------------------------------------------------------
Start Handling Custom Attributes
---------------------------------------------------------------------------------
---------------------------------------------------------------------------------
Finished Handling Custom Attributes : Time (s): cpu = 00:00:02 ; elapsed = 00:00:05 . Memory (MB): peak = 1497.152 ; gain = 559.332
---------------------------------------------------------------------------------
---------------------------------------------------------------------------------
Finished RTL Optimization Phase 1 : Time (s): cpu = 00:00:02 ; elapsed = 00:00:05 . Memory (MB): peak = 1497.152 ; gain = 559.332
---------------------------------------------------------------------------------
Netlist sorting complete. Time (s): cpu = 00:00:00 ; elapsed = 00:00:00.001 . Memory (MB): peak = 1497.152 ; gain = 0.000
INFO: [Project 1-570] Preparing netlist for logic optimization

Processing XDC Constraints
Initializing timing engine
Parsing XDC File [C:/Users/lucas/Desktop/CP49/ComSynLab/HWSYNLAB2021/lab06/constrs_1/Basys3_Master.xdc]
Finished Parsing XDC File [C:/Users/lucas/Desktop/CP49/ComSynLab/HWSYNLAB2021/lab06/constrs_1/Basys3_Master.xdc]
INFO: [Project 1-236] Implementation specific constraints were found while reading constraint file [C:/Users/lucas/Desktop/CP49/ComSynLab/HWSYNLAB2021/lab06/constrs_1/Basys3_Master.xdc]. These constraints will be ignored for synthesis but will be used in implementation. Impacted constraints are listed in the file [.Xil/system_propImpl.xdc].
Resolution: To avoid this warning, move constraints listed in [.Xil/system_propImpl.xdc] to another XDC file and exclude this new file from synthesis with the used_in_synthesis property (File Properties dialog in GUI) and re-run elaboration/synthesis.
Completed Processing XDC Constraints

Netlist sorting complete. Time (s): cpu = 00:00:00 ; elapsed = 00:00:00.001 . Memory (MB): peak = 1591.344 ; gain = 0.000
INFO: [Project 1-111] Unisim Transformation Summary:
No Unisim elements were transformed.

Constraint Validation Runtime : Time (s): cpu = 00:00:00 ; elapsed = 00:00:00.001 . Memory (MB): peak = 1591.344 ; gain = 0.000
INFO: [Designutils 20-5440] No compile time benefit to using incremental synthesis; A full resynthesis will be run
INFO: [Designutils 20-4379] Flow is switching to default flow due to incremental criteria not met. If you would like to alter this behaviour and have the flow terminate instead, please set the following parameter config_implementation {autoIncr.Synth.RejectBehavior Terminate}
---------------------------------------------------------------------------------
Finished Constraint Validation : Time (s): cpu = 00:00:04 ; elapsed = 00:00:11 . Memory (MB): peak = 1591.344 ; gain = 653.523
---------------------------------------------------------------------------------
---------------------------------------------------------------------------------
Start Loading Part and Timing Information
---------------------------------------------------------------------------------
Loading part: xc7a35tcpg236-1
---------------------------------------------------------------------------------
Finished Loading Part and Timing Information : Time (s): cpu = 00:00:04 ; elapsed = 00:00:11 . Memory (MB): peak = 1591.344 ; gain = 653.523
---------------------------------------------------------------------------------
---------------------------------------------------------------------------------
Start Applying 'set_property' XDC Constraints
---------------------------------------------------------------------------------
---------------------------------------------------------------------------------
Finished applying 'set_property' XDC Constraints : Time (s): cpu = 00:00:04 ; elapsed = 00:00:11 . Memory (MB): peak = 1591.344 ; gain = 653.523
---------------------------------------------------------------------------------
---------------------------------------------------------------------------------
Finished RTL Optimization Phase 2 : Time (s): cpu = 00:00:04 ; elapsed = 00:00:11 . Memory (MB): peak = 1591.344 ; gain = 653.523
---------------------------------------------------------------------------------
---------------------------------------------------------------------------------
Start RTL Component Statistics 
---------------------------------------------------------------------------------
Detailed RTL Component Info : 
+---Adders : 
	   2 Input   32 Bit       Adders := 1     
	   2 Input    8 Bit       Adders := 2     
	   2 Input    2 Bit       Adders := 1     
+---Registers : 
	                8 Bit    Registers := 5     
	                2 Bit    Registers := 1     
	                1 Bit    Registers := 29    
+---Muxes : 
	   4 Input    8 Bit        Muxes := 1     
	   4 Input    4 Bit        Muxes := 1     
---------------------------------------------------------------------------------
Finished RTL Component Statistics 
---------------------------------------------------------------------------------
---------------------------------------------------------------------------------
Start Part Resource Summary
---------------------------------------------------------------------------------
Part Resources:
DSPs: 90 (col length:60)
BRAMs: 100 (col length: RAMB18 60 RAMB36 30)
---------------------------------------------------------------------------------
Finished Part Resource Summary
---------------------------------------------------------------------------------
---------------------------------------------------------------------------------
Start Cross Boundary and Area Optimization
---------------------------------------------------------------------------------
WARNING: [Synth 8-7080] Parallel synthesis criteria is not met
WARNING: [Synth 8-3917] design system has port dp driven by constant 1
---------------------------------------------------------------------------------
Finished Cross Boundary and Area Optimization : Time (s): cpu = 00:00:05 ; elapsed = 00:00:13 . Memory (MB): peak = 1591.344 ; gain = 653.523
---------------------------------------------------------------------------------
---------------------------------------------------------------------------------
Start ROM, RAM, DSP, Shift Register and Retiming Reporting
---------------------------------------------------------------------------------

ROM: Preliminary Mapping Report
+--------------+-------------------+---------------+----------------+
|Module Name   | RTL Object        | Depth x Width | Implemented As | 
+--------------+-------------------+---------------+----------------+
|hexTo7Segment | seg               | 256x7         | LUT            | 
|system        | q7s/segDecode/seg | 256x7         | LUT            | 
+--------------+-------------------+---------------+----------------+

---------------------------------------------------------------------------------
Finished ROM, RAM, DSP, Shift Register and Retiming Reporting
---------------------------------------------------------------------------------
---------------------------------------------------------------------------------
Start Applying XDC Timing Constraints
---------------------------------------------------------------------------------
---------------------------------------------------------------------------------
Finished Applying XDC Timing Constraints : Time (s): cpu = 00:00:07 ; elapsed = 00:00:17 . Memory (MB): peak = 1591.344 ; gain = 653.523
---------------------------------------------------------------------------------
---------------------------------------------------------------------------------
Start Timing Optimization
---------------------------------------------------------------------------------
---------------------------------------------------------------------------------
Finished Timing Optimization : Time (s): cpu = 00:00:07 ; elapsed = 00:00:18 . Memory (MB): peak = 1591.344 ; gain = 653.523
---------------------------------------------------------------------------------
---------------------------------------------------------------------------------
Start Technology Mapping
---------------------------------------------------------------------------------
---------------------------------------------------------------------------------
Finished Technology Mapping : Time (s): cpu = 00:00:07 ; elapsed = 00:00:18 . Memory (MB): peak = 1591.344 ; gain = 653.523
---------------------------------------------------------------------------------
---------------------------------------------------------------------------------
Start IO Insertion
---------------------------------------------------------------------------------
---------------------------------------------------------------------------------
Start Flattening Before IO Insertion
---------------------------------------------------------------------------------
---------------------------------------------------------------------------------
Finished Flattening Before IO Insertion
---------------------------------------------------------------------------------
---------------------------------------------------------------------------------
Start Final Netlist Cleanup
---------------------------------------------------------------------------------
---------------------------------------------------------------------------------
Finished Final Netlist Cleanup
---------------------------------------------------------------------------------
---------------------------------------------------------------------------------
Finished IO Insertion : Time (s): cpu = 00:00:08 ; elapsed = 00:00:21 . Memory (MB): peak = 1591.344 ; gain = 653.523
---------------------------------------------------------------------------------
---------------------------------------------------------------------------------
Start Renaming Generated Instances
---------------------------------------------------------------------------------
---------------------------------------------------------------------------------
Finished Renaming Generated Instances : Time (s): cpu = 00:00:08 ; elapsed = 00:00:21 . Memory (MB): peak = 1591.344 ; gain = 653.523
---------------------------------------------------------------------------------
---------------------------------------------------------------------------------
Start Rebuilding User Hierarchy
---------------------------------------------------------------------------------
---------------------------------------------------------------------------------
Finished Rebuilding User Hierarchy : Time (s): cpu = 00:00:08 ; elapsed = 00:00:21 . Memory (MB): peak = 1591.344 ; gain = 653.523
---------------------------------------------------------------------------------
---------------------------------------------------------------------------------
Start Renaming Generated Ports
---------------------------------------------------------------------------------
---------------------------------------------------------------------------------
Finished Renaming Generated Ports : Time (s): cpu = 00:00:08 ; elapsed = 00:00:21 . Memory (MB): peak = 1591.344 ; gain = 653.523
---------------------------------------------------------------------------------
---------------------------------------------------------------------------------
Start Handling Custom Attributes
---------------------------------------------------------------------------------
---------------------------------------------------------------------------------
Finished Handling Custom Attributes : Time (s): cpu = 00:00:08 ; elapsed = 00:00:21 . Memory (MB): peak = 1591.344 ; gain = 653.523
---------------------------------------------------------------------------------
---------------------------------------------------------------------------------
Start Renaming Generated Nets
---------------------------------------------------------------------------------
---------------------------------------------------------------------------------
Finished Renaming Generated Nets : Time (s): cpu = 00:00:08 ; elapsed = 00:00:21 . Memory (MB): peak = 1591.344 ; gain = 653.523
---------------------------------------------------------------------------------
---------------------------------------------------------------------------------
Start Writing Synthesis Report
---------------------------------------------------------------------------------

Report BlackBoxes: 
+-+--------------+----------+
| |BlackBox name |Instances |
+-+--------------+----------+
+-+--------------+----------+

Report Cell Usage: 
+------+-------+------+
|      |Cell   |Count |
+------+-------+------+
|1     |BUFG   |     2|
|2     |CARRY4 |    16|
|3     |LUT1   |    25|
|4     |LUT2   |    15|
|5     |LUT3   |    12|
|6     |LUT4   |     5|
|7     |LUT5   |    10|
|8     |LUT6   |    44|
|9     |MUXF7  |     1|
|10    |FDRE   |   102|
|11    |IBUF   |     2|
|12    |OBUF   |    13|
+------+-------+------+
---------------------------------------------------------------------------------
Finished Writing Synthesis Report : Time (s): cpu = 00:00:08 ; elapsed = 00:00:21 . Memory (MB): peak = 1591.344 ; gain = 653.523
---------------------------------------------------------------------------------
Synthesis finished with 0 errors, 0 critical warnings and 2 warnings.
Synthesis Optimization Runtime : Time (s): cpu = 00:00:06 ; elapsed = 00:00:20 . Memory (MB): peak = 1591.344 ; gain = 559.332
Synthesis Optimization Complete : Time (s): cpu = 00:00:08 ; elapsed = 00:00:21 . Memory (MB): peak = 1591.344 ; gain = 653.523
INFO: [Project 1-571] Translating synthesized netlist
Netlist sorting complete. Time (s): cpu = 00:00:00 ; elapsed = 00:00:00.001 . Memory (MB): peak = 1591.344 ; gain = 0.000
INFO: [Netlist 29-17] Analyzing 17 Unisim elements for replacement
INFO: [Netlist 29-28] Unisim Transformation completed in 0 CPU seconds
INFO: [Project 1-570] Preparing netlist for logic optimization
INFO: [Opt 31-138] Pushed 0 inverter(s) to 0 load pin(s).
Netlist sorting complete. Time (s): cpu = 00:00:00 ; elapsed = 00:00:00 . Memory (MB): peak = 1591.344 ; gain = 0.000
INFO: [Project 1-111] Unisim Transformation Summary:
No Unisim elements were transformed.

Synth Design complete | Checksum: 1e11afda
INFO: [Common 17-83] Releasing license: Synthesis
40 Infos, 13 Warnings, 0 Critical Warnings and 0 Errors encountered.
synth_design completed successfully
synth_design: Time (s): cpu = 00:00:10 ; elapsed = 00:00:25 . Memory (MB): peak = 1591.344 ; gain = 1047.461
Write ShapeDB Complete: Time (s): cpu = 00:00:00 ; elapsed = 00:00:00.001 . Memory (MB): peak = 1591.344 ; gain = 0.000
INFO: [Common 17-1381] The checkpoint 'C:/Users/lucas/Desktop/CP49/ComSynLab/Lab6/Lab6.runs/synth_1/system.dcp' has been generated.
INFO: [Vivado 12-24828] Executing command : report_utilization -file system_utilization_synth.rpt -pb system_utilization_synth.pb
INFO: [Common 17-206] Exiting Vivado at Tue Oct 22 14:29:34 2024...
