
*** Running vivado
    with args -log system.vds -m64 -product Vivado -mode batch -messageDb vivado.pb -notrace -source system.tcl



****** Vivado v2024.1.1 (64-bit)
  **** SW Build 5094488 on Fri Jun 14 08:59:21 MDT 2024
  **** IP Build 5091682 on Fri Jun 14 16:55:04 MDT 2024
  **** SharedData Build 5094118 on Fri Jun 14 01:09:43 MDT 2024
  **** Start of session at: Mon Oct  7 21:09:08 2024
    ** Copyright 1986-2022 Xilinx, Inc. All Rights Reserved.
    ** Copyright 2022-2024 Advanced Micro Devices, Inc. All Rights Reserved.

source system.tcl -notrace
create_project: Time (s): cpu = 00:00:03 ; elapsed = 00:00:06 . Memory (MB): peak = 530.199 ; gain = 199.633
Command: read_checkpoint -auto_incremental -incremental C:/Users/lucas/Desktop/CP49/ComSynLab/Lab_2/Lab_2.srcs/utils_1/imports/synth_1/clockDiv.dcp
INFO: [Vivado 12-5825] Read reference checkpoint from C:/Users/lucas/Desktop/CP49/ComSynLab/Lab_2/Lab_2.srcs/utils_1/imports/synth_1/clockDiv.dcp for incremental synthesis
INFO: [Vivado 12-7989] Please ensure there are no constraint changes
Command: synth_design -top system -part xc7a35tcpg236-1
Starting synth_design
Attempting to get a license for feature 'Synthesis' and/or device 'xc7a35t'
INFO: [Common 17-349] Got license for feature 'Synthesis' and/or device 'xc7a35t'
INFO: [Device 21-403] Loading part xc7a35tcpg236-1
INFO: [Device 21-9227] Part: xc7a35tcpg236-1 does not have CEAM library.
INFO: [Designutils 20-5440] No compile time benefit to using incremental synthesis; A full resynthesis will be run
INFO: [Designutils 20-4379] Flow is switching to default flow due to incremental criteria not met. If you would like to alter this behaviour and have the flow terminate instead, please set the following parameter config_implementation {autoIncr.Synth.RejectBehavior Terminate}
INFO: [Synth 8-7079] Multithreading enabled for synth_design using a maximum of 2 processes.
INFO: [Synth 8-7078] Launching helper process for spawning children vivado processes
INFO: [Synth 8-7075] Helper process launched with PID 22404
---------------------------------------------------------------------------------
Starting RTL Elaboration : Time (s): cpu = 00:00:01 ; elapsed = 00:00:04 . Memory (MB): peak = 1387.008 ; gain = 450.242
---------------------------------------------------------------------------------
WARNING: [Synth 8-11121] redeclaration of ANSI port 'clkDiv' is not allowed [C:/Users/lucas/Desktop/CP49/ComSynLab/Lab_2/Lab_2.srcs/sources_1/new/clockDiv.v:27]
WARNING: [Synth 8-10714] extra semicolon is not allowed here in this dialect; use SystemVerilog mode instead [C:/Users/lucas/Desktop/CP49/ComSynLab/Lab_2/Lab_2.srcs/sources_1/new/clockDiv.v:31]
WARNING: [Synth 8-11121] redeclaration of ANSI port 'segments' is not allowed [C:/Users/lucas/Desktop/CP49/ComSynLab/Lab_2/Lab_2.srcs/sources_1/new/hex27seg.v:27]
INFO: [Synth 8-6157] synthesizing module 'system' [C:/Users/lucas/Desktop/CP49/ComSynLab/Lab_2/Lab_2.srcs/sources_1/new/system.v:23]
INFO: [Synth 8-6157] synthesizing module 'clockDiv' [C:/Users/lucas/Desktop/CP49/ComSynLab/Lab_2/Lab_2.srcs/sources_1/new/clockDiv.v:23]
INFO: [Synth 8-6155] done synthesizing module 'clockDiv' (0#1) [C:/Users/lucas/Desktop/CP49/ComSynLab/Lab_2/Lab_2.srcs/sources_1/new/clockDiv.v:23]
WARNING: [Synth 8-324] index 21 out of range [C:/Users/lucas/Desktop/CP49/ComSynLab/Lab_2/Lab_2.srcs/sources_1/new/system.v:42]
WARNING: [Synth 8-324] index 22 out of range [C:/Users/lucas/Desktop/CP49/ComSynLab/Lab_2/Lab_2.srcs/sources_1/new/system.v:42]
WARNING: [Synth 8-324] index 21 out of range [C:/Users/lucas/Desktop/CP49/ComSynLab/Lab_2/Lab_2.srcs/sources_1/new/system.v:42]
WARNING: [Synth 8-324] index 23 out of range [C:/Users/lucas/Desktop/CP49/ComSynLab/Lab_2/Lab_2.srcs/sources_1/new/system.v:42]
WARNING: [Synth 8-324] index 22 out of range [C:/Users/lucas/Desktop/CP49/ComSynLab/Lab_2/Lab_2.srcs/sources_1/new/system.v:42]
WARNING: [Synth 8-324] index 24 out of range [C:/Users/lucas/Desktop/CP49/ComSynLab/Lab_2/Lab_2.srcs/sources_1/new/system.v:42]
WARNING: [Synth 8-324] index 23 out of range [C:/Users/lucas/Desktop/CP49/ComSynLab/Lab_2/Lab_2.srcs/sources_1/new/system.v:42]
WARNING: [Synth 8-324] index 25 out of range [C:/Users/lucas/Desktop/CP49/ComSynLab/Lab_2/Lab_2.srcs/sources_1/new/system.v:42]
WARNING: [Synth 8-324] index 24 out of range [C:/Users/lucas/Desktop/CP49/ComSynLab/Lab_2/Lab_2.srcs/sources_1/new/system.v:42]
WARNING: [Synth 8-324] index 26 out of range [C:/Users/lucas/Desktop/CP49/ComSynLab/Lab_2/Lab_2.srcs/sources_1/new/system.v:42]
WARNING: [Synth 8-324] index 25 out of range [C:/Users/lucas/Desktop/CP49/ComSynLab/Lab_2/Lab_2.srcs/sources_1/new/system.v:42]
INFO: [Synth 8-6157] synthesizing module 'quad7Seg' [C:/Users/lucas/Desktop/CP49/ComSynLab/Lab_2/Lab_2.srcs/sources_1/new/quad7Seg.v:23]
INFO: [Synth 8-6157] synthesizing module 'hex27seg' [C:/Users/lucas/Desktop/CP49/ComSynLab/Lab_2/Lab_2.srcs/sources_1/new/hex27seg.v:23]
INFO: [Synth 8-6155] done synthesizing module 'hex27seg' (0#1) [C:/Users/lucas/Desktop/CP49/ComSynLab/Lab_2/Lab_2.srcs/sources_1/new/hex27seg.v:23]
WARNING: [Synth 8-567] referenced signal 'num3' should be on the sensitivity list [C:/Users/lucas/Desktop/CP49/ComSynLab/Lab_2/Lab_2.srcs/sources_1/new/quad7Seg.v:54]
WARNING: [Synth 8-567] referenced signal 'num2' should be on the sensitivity list [C:/Users/lucas/Desktop/CP49/ComSynLab/Lab_2/Lab_2.srcs/sources_1/new/quad7Seg.v:54]
WARNING: [Synth 8-567] referenced signal 'num1' should be on the sensitivity list [C:/Users/lucas/Desktop/CP49/ComSynLab/Lab_2/Lab_2.srcs/sources_1/new/quad7Seg.v:54]
WARNING: [Synth 8-567] referenced signal 'num0' should be on the sensitivity list [C:/Users/lucas/Desktop/CP49/ComSynLab/Lab_2/Lab_2.srcs/sources_1/new/quad7Seg.v:54]
INFO: [Synth 8-6155] done synthesizing module 'quad7Seg' (0#1) [C:/Users/lucas/Desktop/CP49/ComSynLab/Lab_2/Lab_2.srcs/sources_1/new/quad7Seg.v:23]
INFO: [Synth 8-6155] done synthesizing module 'system' (0#1) [C:/Users/lucas/Desktop/CP49/ComSynLab/Lab_2/Lab_2.srcs/sources_1/new/system.v:23]
WARNING: [Synth 8-3917] design system has port dot driven by constant 1
---------------------------------------------------------------------------------
Finished RTL Elaboration : Time (s): cpu = 00:00:02 ; elapsed = 00:00:05 . Memory (MB): peak = 1496.465 ; gain = 559.699
---------------------------------------------------------------------------------
---------------------------------------------------------------------------------
Start Handling Custom Attributes
---------------------------------------------------------------------------------
---------------------------------------------------------------------------------
Finished Handling Custom Attributes : Time (s): cpu = 00:00:02 ; elapsed = 00:00:05 . Memory (MB): peak = 1496.465 ; gain = 559.699
---------------------------------------------------------------------------------
---------------------------------------------------------------------------------
Finished RTL Optimization Phase 1 : Time (s): cpu = 00:00:02 ; elapsed = 00:00:05 . Memory (MB): peak = 1496.465 ; gain = 559.699
---------------------------------------------------------------------------------
Netlist sorting complete. Time (s): cpu = 00:00:00 ; elapsed = 00:00:00.001 . Memory (MB): peak = 1496.465 ; gain = 0.000
INFO: [Project 1-570] Preparing netlist for logic optimization

Processing XDC Constraints
Initializing timing engine
Parsing XDC File [C:/Users/lucas/Desktop/CP49/ComSynLab/Lab_2/Lab_2.srcs/constrs_1/new/Basys3_Master.xdc]
Finished Parsing XDC File [C:/Users/lucas/Desktop/CP49/ComSynLab/Lab_2/Lab_2.srcs/constrs_1/new/Basys3_Master.xdc]
INFO: [Project 1-236] Implementation specific constraints were found while reading constraint file [C:/Users/lucas/Desktop/CP49/ComSynLab/Lab_2/Lab_2.srcs/constrs_1/new/Basys3_Master.xdc]. These constraints will be ignored for synthesis but will be used in implementation. Impacted constraints are listed in the file [.Xil/system_propImpl.xdc].
Resolution: To avoid this warning, move constraints listed in [.Xil/system_propImpl.xdc] to another XDC file and exclude this new file from synthesis with the used_in_synthesis property (File Properties dialog in GUI) and re-run elaboration/synthesis.
Completed Processing XDC Constraints

Netlist sorting complete. Time (s): cpu = 00:00:00 ; elapsed = 00:00:00 . Memory (MB): peak = 1580.645 ; gain = 0.000
INFO: [Project 1-111] Unisim Transformation Summary:
No Unisim elements were transformed.

Constraint Validation Runtime : Time (s): cpu = 00:00:00 ; elapsed = 00:00:00.002 . Memory (MB): peak = 1580.645 ; gain = 0.000
INFO: [Designutils 20-5440] No compile time benefit to using incremental synthesis; A full resynthesis will be run
INFO: [Designutils 20-4379] Flow is switching to default flow due to incremental criteria not met. If you would like to alter this behaviour and have the flow terminate instead, please set the following parameter config_implementation {autoIncr.Synth.RejectBehavior Terminate}
---------------------------------------------------------------------------------
Finished Constraint Validation : Time (s): cpu = 00:00:04 ; elapsed = 00:00:10 . Memory (MB): peak = 1580.645 ; gain = 643.879
---------------------------------------------------------------------------------
---------------------------------------------------------------------------------
Start Loading Part and Timing Information
---------------------------------------------------------------------------------
Loading part: xc7a35tcpg236-1
---------------------------------------------------------------------------------
Finished Loading Part and Timing Information : Time (s): cpu = 00:00:04 ; elapsed = 00:00:10 . Memory (MB): peak = 1580.645 ; gain = 643.879
---------------------------------------------------------------------------------
---------------------------------------------------------------------------------
Start Applying 'set_property' XDC Constraints
---------------------------------------------------------------------------------
---------------------------------------------------------------------------------
Finished applying 'set_property' XDC Constraints : Time (s): cpu = 00:00:04 ; elapsed = 00:00:10 . Memory (MB): peak = 1580.645 ; gain = 643.879
---------------------------------------------------------------------------------
---------------------------------------------------------------------------------
Finished RTL Optimization Phase 2 : Time (s): cpu = 00:00:04 ; elapsed = 00:00:11 . Memory (MB): peak = 1580.645 ; gain = 643.879
---------------------------------------------------------------------------------
INFO: [Synth 8-223] decloning instance 'genblk1[20].processingDiv' (clockDiv) to 'finalDiv'
INFO: [Synth 8-223] decloning instance 'genblk1[21].processingDiv' (clockDiv) to 'genblk1[22].processingDiv'
INFO: [Synth 8-223] decloning instance 'genblk1[21].processingDiv' (clockDiv) to 'genblk1[23].processingDiv'
INFO: [Synth 8-223] decloning instance 'genblk1[21].processingDiv' (clockDiv) to 'genblk1[24].processingDiv'
INFO: [Synth 8-223] decloning instance 'genblk1[21].processingDiv' (clockDiv) to 'genblk1[25].processingDiv'
---------------------------------------------------------------------------------
Start RTL Component Statistics 
---------------------------------------------------------------------------------
Detailed RTL Component Info : 
+---Adders : 
	   2 Input    2 Bit       Adders := 1     
+---Registers : 
	                2 Bit    Registers := 1     
	                1 Bit    Registers := 22    
+---Muxes : 
	   4 Input    4 Bit        Muxes := 2     
---------------------------------------------------------------------------------
Finished RTL Component Statistics 
---------------------------------------------------------------------------------
---------------------------------------------------------------------------------
Start Part Resource Summary
---------------------------------------------------------------------------------
Part Resources:
DSPs: 90 (col length:60)
BRAMs: 100 (col length: RAMB18 60 RAMB36 30)
---------------------------------------------------------------------------------
Finished Part Resource Summary
---------------------------------------------------------------------------------
---------------------------------------------------------------------------------
Start Cross Boundary and Area Optimization
---------------------------------------------------------------------------------
WARNING: [Synth 8-7080] Parallel synthesis criteria is not met
WARNING: [Synth 8-3917] design system has port dot driven by constant 1
---------------------------------------------------------------------------------
Finished Cross Boundary and Area Optimization : Time (s): cpu = 00:00:05 ; elapsed = 00:00:12 . Memory (MB): peak = 1580.645 ; gain = 643.879
---------------------------------------------------------------------------------
---------------------------------------------------------------------------------
Start Applying XDC Timing Constraints
---------------------------------------------------------------------------------
---------------------------------------------------------------------------------
Finished Applying XDC Timing Constraints : Time (s): cpu = 00:00:06 ; elapsed = 00:00:16 . Memory (MB): peak = 1580.645 ; gain = 643.879
---------------------------------------------------------------------------------
---------------------------------------------------------------------------------
Start Timing Optimization
---------------------------------------------------------------------------------
---------------------------------------------------------------------------------
Finished Timing Optimization : Time (s): cpu = 00:00:06 ; elapsed = 00:00:16 . Memory (MB): peak = 1580.645 ; gain = 643.879
---------------------------------------------------------------------------------
---------------------------------------------------------------------------------
Start Technology Mapping
---------------------------------------------------------------------------------
---------------------------------------------------------------------------------
Finished Technology Mapping : Time (s): cpu = 00:00:06 ; elapsed = 00:00:16 . Memory (MB): peak = 1580.645 ; gain = 643.879
---------------------------------------------------------------------------------
---------------------------------------------------------------------------------
Start IO Insertion
---------------------------------------------------------------------------------
---------------------------------------------------------------------------------
Start Flattening Before IO Insertion
---------------------------------------------------------------------------------
---------------------------------------------------------------------------------
Finished Flattening Before IO Insertion
---------------------------------------------------------------------------------
---------------------------------------------------------------------------------
Start Final Netlist Cleanup
---------------------------------------------------------------------------------
---------------------------------------------------------------------------------
Finished Final Netlist Cleanup
---------------------------------------------------------------------------------
---------------------------------------------------------------------------------
Finished IO Insertion : Time (s): cpu = 00:00:07 ; elapsed = 00:00:19 . Memory (MB): peak = 1580.645 ; gain = 643.879
---------------------------------------------------------------------------------
---------------------------------------------------------------------------------
Start Renaming Generated Instances
---------------------------------------------------------------------------------
---------------------------------------------------------------------------------
Finished Renaming Generated Instances : Time (s): cpu = 00:00:07 ; elapsed = 00:00:19 . Memory (MB): peak = 1580.645 ; gain = 643.879
---------------------------------------------------------------------------------
---------------------------------------------------------------------------------
Start Rebuilding User Hierarchy
---------------------------------------------------------------------------------
---------------------------------------------------------------------------------
Finished Rebuilding User Hierarchy : Time (s): cpu = 00:00:07 ; elapsed = 00:00:19 . Memory (MB): peak = 1580.645 ; gain = 643.879
---------------------------------------------------------------------------------
---------------------------------------------------------------------------------
Start Renaming Generated Ports
---------------------------------------------------------------------------------
---------------------------------------------------------------------------------
Finished Renaming Generated Ports : Time (s): cpu = 00:00:07 ; elapsed = 00:00:19 . Memory (MB): peak = 1580.645 ; gain = 643.879
---------------------------------------------------------------------------------
---------------------------------------------------------------------------------
Start Handling Custom Attributes
---------------------------------------------------------------------------------
---------------------------------------------------------------------------------
Finished Handling Custom Attributes : Time (s): cpu = 00:00:07 ; elapsed = 00:00:19 . Memory (MB): peak = 1580.645 ; gain = 643.879
---------------------------------------------------------------------------------
---------------------------------------------------------------------------------
Start Renaming Generated Nets
---------------------------------------------------------------------------------
---------------------------------------------------------------------------------
Finished Renaming Generated Nets : Time (s): cpu = 00:00:07 ; elapsed = 00:00:19 . Memory (MB): peak = 1580.645 ; gain = 643.879
---------------------------------------------------------------------------------
---------------------------------------------------------------------------------
Start Writing Synthesis Report
---------------------------------------------------------------------------------

Report BlackBoxes: 
+-+--------------+----------+
| |BlackBox name |Instances |
+-+--------------+----------+
+-+--------------+----------+

Report Cell Usage: 
+------+-----+------+
|      |Cell |Count |
+------+-----+------+
|1     |BUFG |     1|
|2     |LUT1 |    22|
|3     |LUT2 |    10|
|4     |FDRE |    23|
|5     |IBUF |     1|
|6     |OBUF |    12|
+------+-----+------+
---------------------------------------------------------------------------------
Finished Writing Synthesis Report : Time (s): cpu = 00:00:07 ; elapsed = 00:00:19 . Memory (MB): peak = 1580.645 ; gain = 643.879
---------------------------------------------------------------------------------
Synthesis finished with 0 errors, 0 critical warnings and 2 warnings.
Synthesis Optimization Runtime : Time (s): cpu = 00:00:06 ; elapsed = 00:00:18 . Memory (MB): peak = 1580.645 ; gain = 559.699
Synthesis Optimization Complete : Time (s): cpu = 00:00:08 ; elapsed = 00:00:19 . Memory (MB): peak = 1580.645 ; gain = 643.879
INFO: [Project 1-571] Translating synthesized netlist
Netlist sorting complete. Time (s): cpu = 00:00:00 ; elapsed = 00:00:00 . Memory (MB): peak = 1580.645 ; gain = 0.000
INFO: [Project 1-570] Preparing netlist for logic optimization
INFO: [Opt 31-138] Pushed 0 inverter(s) to 0 load pin(s).
Netlist sorting complete. Time (s): cpu = 00:00:00 ; elapsed = 00:00:00 . Memory (MB): peak = 1580.645 ; gain = 0.000
INFO: [Project 1-111] Unisim Transformation Summary:
No Unisim elements were transformed.

Synth Design complete | Checksum: aeca32d9
INFO: [Common 17-83] Releasing license: Synthesis
33 Infos, 21 Warnings, 0 Critical Warnings and 0 Errors encountered.
synth_design completed successfully
synth_design: Time (s): cpu = 00:00:09 ; elapsed = 00:00:23 . Memory (MB): peak = 1580.645 ; gain = 1036.113
Write ShapeDB Complete: Time (s): cpu = 00:00:00 ; elapsed = 00:00:00 . Memory (MB): peak = 1580.645 ; gain = 0.000
INFO: [Common 17-1381] The checkpoint 'C:/Users/lucas/Desktop/CP49/ComSynLab/Lab_2/Lab_2.runs/synth_1/system.dcp' has been generated.
INFO: [Vivado 12-24828] Executing command : report_utilization -file system_utilization_synth.rpt -pb system_utilization_synth.pb
INFO: [Common 17-206] Exiting Vivado at Mon Oct  7 21:09:39 2024...
